<?xml version="1.0" encoding="UTF-8"?>
<!-- Generated by org.testng.reporters.JUnitXMLReporter -->
<testsuite hostname="WIN-L0OFF0S442P" name="Default test" tests="4" failures="0" timestamp="29 Sep 2017 02:50:57 GMT" time="33.955" errors="0">
  <testcase name="testSearch" time="2.64" classname="cn.gloryroad.dataprovider.TestDataDrivenByMysqlDatabase"/>
  <testcase name="testSearch" time="2.838" classname="cn.gloryroad.dataprovider.TestDataDrivenByMysqlDatabase"/>
  <testcase name="testSearch" time="3.924" classname="cn.gloryroad.dataprovider.TestDataDrivenByMysqlDatabase"/>
  <testcase name="testSearch" time="8.085" classname="cn.gloryroad.dataprovider.TestDataDrivenByMysqlDatabase"/>
</testsuite> <!-- Default test -->
