<?xml version="1.0" encoding="UTF-8"?>
<!-- Generated by org.testng.reporters.JUnitXMLReporter -->
<testsuite hostname="WIN-L0OFF0S442P" name="Default test" tests="3" failures="0" timestamp="26 Sep 2017 03:01:07 GMT" time="0.071" errors="0">
  <testcase name="LogOut" time="0.016" classname="cn.gloryroad.TestngReporter"/>
  <testcase name="OpenBrowser" time="0.002" classname="cn.gloryroad.TestngReporter"/>
  <testcase name="SingIn" time="0.021" classname="cn.gloryroad.TestngReporter"/>
</testsuite> <!-- Default test -->
