<?xml version="1.0" encoding="UTF-8"?>
<!-- Generated by org.testng.reporters.JUnitXMLReporter -->
<testsuite hostname="WIN-L0OFF0S442P" name="Test" tests="5" failures="0" timestamp="26 Sep 2017 01:26:48 GMT" time="0.073" errors="0">
  <testcase name="cat" time="0.014" classname="cn.gloryroad.Grouping"/>
  <testcase name="dog" time="0.003" classname="cn.gloryroad.Grouping"/>
  <testcase name="feeder" time="0.001" classname="cn.gloryroad.Grouping"/>
  <testcase name="student" time="0.002" classname="cn.gloryroad.Grouping"/>
  <testcase name="teacher" time="0.001" classname="cn.gloryroad.Grouping"/>
</testsuite> <!-- Test -->
