<?xml version="1.0" encoding="UTF-8"?>
<testng-results skipped="0" failed="0" total="3" passed="3">
  <reporter-output>
    <line>
      <![CDATA[调用注销方法]]>
    </line>
    <line>
      <![CDATA[调用打开浏览器的方法]]>
    </line>
    <line>
      <![CDATA[调用登录方法]]>
    </line>
  </reporter-output>
  <suite name="Default suite" duration-ms="71" started-at="2017-09-26T03:01:07Z" finished-at="2017-09-26T03:01:07Z">
    <groups>
    </groups>
    <test name="Default test" duration-ms="71" started-at="2017-09-26T03:01:07Z" finished-at="2017-09-26T03:01:07Z">
      <class name="cn.gloryroad.TestngReporter">
        <test-method status="PASS" signature="LogOut()[pri:0, instance:cn.gloryroad.TestngReporter@46d56d67]" name="LogOut" duration-ms="16" started-at="2017-09-26T11:01:07Z" finished-at="2017-09-26T11:01:07Z">
          <reporter-output>
            <line>
              <![CDATA[调用注销方法]]>
            </line>
          </reporter-output>
        </test-method> <!-- LogOut -->
        <test-method status="PASS" signature="OpenBrowser()[pri:0, instance:cn.gloryroad.TestngReporter@46d56d67]" name="OpenBrowser" duration-ms="2" started-at="2017-09-26T11:01:07Z" finished-at="2017-09-26T11:01:07Z">
          <reporter-output>
            <line>
              <![CDATA[调用打开浏览器的方法]]>
            </line>
          </reporter-output>
        </test-method> <!-- OpenBrowser -->
        <test-method status="PASS" signature="SingIn()[pri:0, instance:cn.gloryroad.TestngReporter@46d56d67]" name="SingIn" duration-ms="21" started-at="2017-09-26T11:01:07Z" finished-at="2017-09-26T11:01:07Z">
          <reporter-output>
            <line>
              <![CDATA[调用登录方法]]>
            </line>
          </reporter-output>
        </test-method> <!-- SingIn -->
      </class> <!-- cn.gloryroad.TestngReporter -->
    </test> <!-- Default test -->
  </suite> <!-- Default suite -->
</testng-results>
