<?xml version="1.0" encoding="UTF-8"?>
<testng-results skipped="0" failed="0" total="1" passed="1">
  <reporter-output>
  </reporter-output>
  <suite name="Default suite" duration-ms="10231" started-at="2017-09-25T08:22:59Z" finished-at="2017-09-25T08:23:09Z">
    <groups>
    </groups>
    <test name="Default test" duration-ms="10231" started-at="2017-09-25T08:22:59Z" finished-at="2017-09-25T08:23:09Z">
      <class name="cn.gloryroad.FirstTestNGDemo">
        <test-method status="PASS" signature="beforeMethod()[pri:0, instance:cn.gloryroad.FirstTestNGDemo@1bce4f0a]" name="beforeMethod" is-config="true" duration-ms="6289" started-at="2017-09-25T16:22:59Z" finished-at="2017-09-25T16:23:05Z">
          <reporter-output>
          </reporter-output>
        </test-method> <!-- beforeMethod -->
        <test-method status="PASS" signature="f()[pri:0, instance:cn.gloryroad.FirstTestNGDemo@1bce4f0a]" name="f" duration-ms="3082" started-at="2017-09-25T16:23:05Z" finished-at="2017-09-25T16:23:08Z">
          <reporter-output>
          </reporter-output>
        </test-method> <!-- f -->
        <test-method status="PASS" signature="afterMethod()[pri:0, instance:cn.gloryroad.FirstTestNGDemo@1bce4f0a]" name="afterMethod" is-config="true" duration-ms="809" started-at="2017-09-25T16:23:08Z" finished-at="2017-09-25T16:23:09Z">
          <reporter-output>
          </reporter-output>
        </test-method> <!-- afterMethod -->
      </class> <!-- cn.gloryroad.FirstTestNGDemo -->
    </test> <!-- Default test -->
  </suite> <!-- Default suite -->
</testng-results>
